{"time":"2020-01-10 23:00:12","pid":13682,"command":"attach"} 
{"time":"2020-01-10 23:00:25","pid":13682,"command":"webview","file":"/tmp/RtmpFTRm4D/viewhtml357215e8d9d0/index.html"} 
{"time":"2020-01-10 23:02:29","pid":13682,"command":"webview","file":"/tmp/RtmpFTRm4D/viewhtml357233bb2545/index.html"} 
{"time":"2020-01-10 23:02:40","pid":14532,"command":"attach"} 
{"time":"2020-01-10 23:02:51","pid":14532,"command":"webview","file":"/tmp/Rtmpu5Py2O/viewhtml38c43b5dd296/index.html"} 
{"time":"2020-01-10 23:03:46","pid":16517,"command":"attach"} 
{"time":"2020-01-10 23:12:56","pid":16517,"command":"webview","file":"/tmp/RtmpBZ9I0I/viewhtml4085b57b891/index.html"} 
{"time":"2020-01-10 23:13:21","pid":16517,"command":"webview","file":"/tmp/RtmpBZ9I0I/viewhtml4085777420cd/index.html"} 
{"time":"2020-01-10 23:13:33","pid":16517,"command":"webview","file":"/tmp/RtmpBZ9I0I/viewhtml4085483b43ec/index.html"} 
{"time":"2020-01-10 23:14:17","pid":16517,"command":"webview","file":"/tmp/RtmpBZ9I0I/viewhtml40855fc05ca/index.html"} 
{"time":"2020-01-10 23:15:12","pid":16517,"command":"webview","file":"/tmp/RtmpBZ9I0I/viewhtml40855b685834/index.html"} 
{"time":"2020-01-10 23:15:42","pid":16517,"command":"webview","file":"/tmp/RtmpBZ9I0I/viewhtml408524d6766e/index.html"} 
{"time":"2020-01-10 23:16:00","pid":16517,"command":"webview","file":"/tmp/RtmpBZ9I0I/viewhtml4085f997e54/index.html"} 
{"time":"2020-01-10 23:16:16","pid":16517,"command":"webview","file":"/tmp/RtmpBZ9I0I/viewhtml408569a7d05e/index.html"} 
{"time":"2020-01-10 23:16:41","pid":16517,"command":"webview","file":"/tmp/RtmpBZ9I0I/viewhtml40856275520c/index.html"} 
{"time":"2020-01-10 23:16:55","pid":16517,"command":"webview","file":"/tmp/RtmpBZ9I0I/viewhtml4085175a174f/index.html"} 
{"time":"2020-01-10 23:19:07","pid":16517,"command":"webview","file":"/tmp/RtmpBZ9I0I/viewhtml40855031c4eb/index.html"} 
{"time":"2020-01-10 23:33:47","pid":16517,"command":"webview","file":"/tmp/RtmpBZ9I0I/viewhtml4085155d5a0c/index.html"} 
{"time":"2020-01-11 20:01:48","pid":5539,"command":"attach"} 
{"time":"2020-01-11 20:07:34","pid":5539,"command":"webview","file":"/tmp/Rtmp7ZOBjq/viewhtml15a3413ed738/index.html"} 
{"time":"2020-01-11 20:29:06","pid":13425,"command":"attach"} 
